<?xml version="1.0" encoding="UTF-8"?>
<!-- Generated by org.testng.reporters.JUnitReportReporter -->
<testsuite hostname="DESKTOP-PPG1CJU" name="P1.Coperator" tests="1" failures="0" timestamp="15 Jul 2017 07:40:24 GMT" time="936.420" errors="0">
  <testcase name="T1" time="936.420" classname="P1.Coperator"/>
</testsuite> <!-- P1.Coperator -->
