<?xml version="1.0" encoding="UTF-8"?>
<!-- Generated by org.testng.reporters.JUnitReportReporter -->
<testsuite hostname="DESKTOP-PPG1CJU" name="CO2.Chrome2" tests="1" failures="0" timestamp="14 Jul 2017 07:22:54 GMT" time="245.723" errors="0">
  <testcase name="T1" time="245.723" classname="CO2.Chrome2"/>
</testsuite> <!-- CO2.Chrome2 -->
